Date: Mon Jun  7 14:46:43 2021
Error: signal 11
[bt]: (0) xournalpp(+0x1d95d2) [0x55bed3aaf5d2]
[bt]: (1) /usr/lib/libc.so.6(+0x3cf80) [0x7fc32ffe5f80]
[bt]: (2) xournalpp(_Z16xoj_type_getNamei+0x1002) [0x55bed3ab9d32]
[bt]: (3) xournalpp(_ZN17NewGtkInputDevice10getXournalEv+0x48) [0x55bed3a4d2b8]
[bt]: (4) xournalpp(+0x1756a1) [0x55bed3a4b6a1]
[bt]: (5) xournalpp(+0x1e069e) [0x55bed3ab669e]
[bt]: (6) /usr/lib/libgdk-3.so.0(+0x2e89c) [0x7fc330bf889c]
[bt]: (7) /usr/lib/libglib-2.0.so.0(g_main_context_dispatch+0x160) [0x7fc3314c6f30]
[bt]: (8) /usr/lib/libglib-2.0.so.0(+0xa7b59) [0x7fc33151ab59]
[bt]: (9) /usr/lib/libglib-2.0.so.0(g_main_loop_run+0x83) [0x7fc3314c6593]
[bt]: (10) /usr/lib/libgtk-3.so.0(gtk_main+0x9f) [0x7fc330ea061f]
[bt]: (11) xournalpp(_ZN11XournalMain3runEiPPc+0xbc3) [0x55bed399bab3]
[bt]: (12) xournalpp(main+0x37) [0x55bed396f177]
[bt]: (13) /usr/lib/libc.so.6(__libc_start_main+0xd5) [0x7fc32ffd0b25]
[bt]: (14) xournalpp(_start+0x2e) [0x55bed396f70e]


Try to get a better stracktrace...
[bt] #1 xournalpp(+0x1d987b) [0x55bed3aaf87b]
??:0
[bt] #2 /usr/lib/libc.so.6(+0x3cf80) [0x7fc32ffe5f80]
??:0
[bt] #3 xournalpp(_Z16xoj_type_getNamei+0x1002) [0x55bed3ab9d32]
??:0
[bt] #4 xournalpp(_ZN17NewGtkInputDevice10getXournalEv+0x48) [0x55bed3a4d2b8]
??:0
[bt] #5 xournalpp(+0x1756a1) [0x55bed3a4b6a1]
??:0
[bt] #6 xournalpp(+0x1e069e) [0x55bed3ab669e]
??:0
[bt] #7 /usr/lib/libgdk-3.so.0(+0x2e89c) [0x7fc330bf889c]
??:0
[bt] #8 /usr/lib/libglib-2.0.so.0(g_main_context_dispatch+0x160) [0x7fc3314c6f30]
??:0
[bt] #9 /usr/lib/libglib-2.0.so.0(+0xa7b59) [0x7fc33151ab59]
??:0
[bt] #10 /usr/lib/libglib-2.0.so.0(g_main_loop_run+0x83) [0x7fc3314c6593]
??:0
[bt] #11 /usr/lib/libgtk-3.so.0(gtk_main+0x9f) [0x7fc330ea061f]
??:0
[bt] #12 xournalpp(_ZN11XournalMain3runEiPPc+0xbc3) [0x55bed399bab3]
??:0
[bt] #13 xournalpp(main+0x37) [0x55bed396f177]
??:0
[bt] #14 /usr/lib/libc.so.6(__libc_start_main+0xd5) [0x7fc32ffd0b25]
??:0
[bt] #15 xournalpp(_start+0x2e) [0x55bed396f70e]
??:0
